::1 - - [20/Apr/2018:17:44:21 +0000] "POST /user/create HTTP/1.1" 200 1895 "-" "PostmanRuntime/7.1.1"
::1 - - [20/Apr/2018:17:44:45 +0000] "GET /user/getusers HTTP/1.1" 200 6085 "-" "PostmanRuntime/7.1.1"
::1 - - [20/Apr/2018:17:47:13 +0000] "POST /user/create HTTP/1.1" 200 310 "-" "PostmanRuntime/7.1.1"
::1 - - [20/Apr/2018:17:54:03 +0000] "POST /user/create HTTP/1.1" 200 312 "-" "PostmanRuntime/7.1.1"
::1 - - [20/Apr/2018:17:54:25 +0000] "POST /user/create HTTP/1.1" 500 39 "-" "PostmanRuntime/7.1.1"
::1 - - [20/Apr/2018:17:54:34 +0000] "GET /user/getusers HTTP/1.1" 200 6579 "-" "PostmanRuntime/7.1.1"
::1 - - [20/Apr/2018:18:17:23 +0000] "POST /user/getusers HTTP/1.1" 404 153 "-" "PostmanRuntime/7.1.1"
::1 - - [20/Apr/2018:18:17:32 +0000] "GET /user/getusers HTTP/1.1" 200 7470 "-" "PostmanRuntime/7.1.1"
::1 - - [20/Apr/2018:18:18:14 +0000] "POST /auth/register HTTP/1.1" 500 39 "-" "PostmanRuntime/7.1.1"
::1 - - [20/Apr/2018:18:18:27 +0000] "POST /auth/register HTTP/1.1" 200 365 "-" "PostmanRuntime/7.1.1"
::1 - - [24/Apr/2018:12:01:31 +0000] "POST /pay/subwallet/create HTTP/1.1" 500 1967 "-" "PostmanRuntime/7.1.1"
::1 - - [24/Apr/2018:12:17:30 +0000] "POST /pay/subwallet/create HTTP/1.1" 500 1967 "-" "PostmanRuntime/7.1.1"
::1 - - [24/Apr/2018:12:18:00 +0000] "POST /pay/subwallet/create HTTP/1.1" 500 1967 "-" "PostmanRuntime/7.1.1"
::1 - - [24/Apr/2018:13:13:45 +0000] "POST /pay/subwallet/create HTTP/1.1" 401 58 "-" "PostmanRuntime/7.1.1"
::1 - - [24/Apr/2018:13:38:20 +0000] "POST /pay/subwallet/create HTTP/1.1" 401 58 "-" "PostmanRuntime/7.1.1"
::1 - - [24/Apr/2018:13:49:26 +0000] "POST /pay/subwallet/create HTTP/1.1" 401 58 "-" "PostmanRuntime/7.1.1"
::1 - - [24/Apr/2018:13:50:50 +0000] "POST /pay/subwallet/create HTTP/1.1" 200 277 "-" "PostmanRuntime/7.1.1"
::1 - - [24/Apr/2018:14:45:43 +0000] "GET /pay/banklist HTTP/1.1" 200 830 "-" "PostmanRuntime/7.1.1"
::1 - - [24/Apr/2018:14:50:37 +0000] "POST /pay/validateacct HTTP/1.1" - - "-" "PostmanRuntime/7.1.1"
::1 - - [24/Apr/2018:15:00:19 +0000] "POST /pay/validateacct HTTP/1.1" - - "-" "PostmanRuntime/7.1.1"
::1 - - [24/Apr/2018:15:00:24 +0000] "POST /pay/validateacct HTTP/1.1" 200 78 "-" "PostmanRuntime/7.1.1"
::1 - - [24/Apr/2018:15:15:57 +0000] "POST /pay/validateacct HTTP/1.1" 200 74 "-" "PostmanRuntime/7.1.1"
::1 - - [24/Apr/2018:15:16:19 +0000] "POST /pay/validateacct HTTP/1.1" 200 71 "-" "PostmanRuntime/7.1.1"
